2014-05-27 20:38:21 [INFO] [ForgeModLoader] Forge Mod Loader version 6.4.49.965 for Minecraft 1.6.4 loading
2014-05-27 20:38:21 [INFO] [ForgeModLoader] Java is OpenJDK Server VM, version 1.7.0_55, running on Linux:i386:3.13.0-24-generic, installed at /usr/lib/jvm/java-7-openjdk-i386/jre
2014-05-27 20:38:21 [FINE] [ForgeModLoader] Java classpath at launch is server.jar
2014-05-27 20:38:21 [FINE] [ForgeModLoader] Java library path at launch is /usr/java/packages/lib/i386:/usr/lib/i386-linux-gnu/jni:/lib/i386-linux-gnu:/usr/lib/i386-linux-gnu:/usr/lib/jni:/lib:/usr/lib
2014-05-27 20:38:21 [FINE] [ForgeModLoader] Enabling runtime deobfuscation
2014-05-27 20:38:21 [FINE] [ForgeModLoader] Instantiating coremod class FMLCorePlugin
2014-05-27 20:38:21 [FINE] [ForgeModLoader] Enqueued coremod FMLCorePlugin
2014-05-27 20:38:21 [FINE] [ForgeModLoader] Instantiating coremod class FMLForgePlugin
2014-05-27 20:38:21 [FINE] [ForgeModLoader] Enqueued coremod FMLForgePlugin
2014-05-27 20:38:21 [FINE] [ForgeModLoader] All fundamental core mods are successfully located
2014-05-27 20:38:21 [FINE] [ForgeModLoader] Discovering coremods
2014-05-27 20:38:21 [FINE] [ForgeModLoader] Examining for coremod candidacy CodeChickenLib-universal-1.6.4-1.0.0.62.jar
2014-05-27 20:38:21 [FINE] [ForgeModLoader] Not found coremod data in CodeChickenLib-universal-1.6.4-1.0.0.62.jar
2014-05-27 20:38:21 [FINE] [ForgeModLoader] Examining for coremod candidacy ForgeMultipart-universal-1.6.4-1.0.0.219.jar
2014-05-27 20:38:21 [FINEST] [ForgeModLoader] Found FMLCorePluginContainsFMLMod marker in ForgeMultipart-universal-1.6.4-1.0.0.219.jar, it will be examined later for regular @Mod instances
2014-05-27 20:38:21 [FINE] [ForgeModLoader] Instantiating coremod class DepLoader
2014-05-27 20:38:21 [WARNING] [ForgeModLoader] The coremod codechicken.core.launch.DepLoader does not have a MCVersion annotation, it may cause issues with this version of Minecraft
2014-05-27 20:38:21 [FINE] [ForgeModLoader] Enqueued coremod DepLoader
2014-05-27 20:38:21 [FINE] [ForgeModLoader] Examining for coremod candidacy Artifice-1.1.3-243.jar
2014-05-27 20:38:21 [FINE] [ForgeModLoader] Not found coremod data in Artifice-1.1.3-243.jar
2014-05-27 20:38:21 [FINE] [ForgeModLoader] Examining for coremod candidacy ChickenChunks 1.3.3.4.jar
2014-05-27 20:38:21 [FINE] [ForgeModLoader] Not found coremod data in ChickenChunks 1.3.3.4.jar
2014-05-27 20:38:21 [FINE] [ForgeModLoader] Examining for coremod candidacy CoFHCore-2.0.0.2.jar
2014-05-27 20:38:21 [FINEST] [ForgeModLoader] Found FMLCorePluginContainsFMLMod marker in CoFHCore-2.0.0.2.jar, it will be examined later for regular @Mod instances
2014-05-27 20:38:21 [FINE] [ForgeModLoader] Instantiating coremod class LoadingPlugin
2014-05-27 20:38:21 [WARNING] [ForgeModLoader] The coremod cofh.asm.LoadingPlugin does not have a MCVersion annotation, it may cause issues with this version of Minecraft
2014-05-27 20:38:22 [FINE] [ForgeModLoader] Enqueued coremod LoadingPlugin
2014-05-27 20:38:22 [FINE] [ForgeModLoader] Examining for coremod candidacy CodeChickenCore 0.9.0.9.jar
2014-05-27 20:38:22 [FINEST] [ForgeModLoader] Adding CodeChickenCore 0.9.0.9.jar to the list of known coremods, it will not be examined again
2014-05-27 20:38:22 [FINE] [ForgeModLoader] Instantiating coremod class CodeChickenCorePlugin
2014-05-27 20:38:22 [WARNING] [ForgeModLoader] The coremod codechicken.core.launch.CodeChickenCorePlugin does not have a MCVersion annotation, it may cause issues with this version of Minecraft
2014-05-27 20:38:22 [FINE] [ForgeModLoader] Enqueued coremod CodeChickenCorePlugin
2014-05-27 20:38:22 [FINE] [ForgeModLoader] Examining for coremod candidacy ComputerCraft1.63.jar
2014-05-27 20:38:22 [FINE] [ForgeModLoader] Not found coremod data in ComputerCraft1.63.jar
2014-05-27 20:38:22 [FINE] [ForgeModLoader] Examining for coremod candidacy EnderStorage 1.4.3.6.jar
2014-05-27 20:38:22 [FINE] [ForgeModLoader] Examining for coremod candidacy InventoryTweaks-MC1.6.2-1.56-b77.jar
2014-05-27 20:38:22 [FINEST] [ForgeModLoader] Found FMLCorePluginContainsFMLMod marker in InventoryTweaks-MC1.6.2-1.56-b77.jar, it will be examined later for regular @Mod instances
2014-05-27 20:38:22 [FINE] [ForgeModLoader] Instantiating coremod class FMLPlugin
2014-05-27 20:38:22 [WARNING] [ForgeModLoader] The coremod invtweaks.forge.asm.FMLPlugin does not have a MCVersion annotation, it may cause issues with this version of Minecraft
2014-05-27 20:38:22 [FINE] [ForgeModLoader] Enqueued coremod FMLPlugin
2014-05-27 20:38:22 [FINE] [ForgeModLoader] Examining for coremod candidacy NEIPlugins-1.1.0.6.jar
2014-05-27 20:38:22 [FINE] [ForgeModLoader] Not found coremod data in NEIPlugins-1.1.0.6.jar
2014-05-27 20:38:22 [FINE] [ForgeModLoader] Examining for coremod candidacy NotEnoughItems 1.6.1.9.jar
2014-05-27 20:38:22 [FINEST] [ForgeModLoader] Adding NotEnoughItems 1.6.1.9.jar to the list of known coremods, it will not be examined again
2014-05-27 20:38:22 [FINE] [ForgeModLoader] Instantiating coremod class NEICorePlugin
2014-05-27 20:38:22 [WARNING] [ForgeModLoader] The coremod codechicken.nei.asm.NEICorePlugin does not have a MCVersion annotation, it may cause issues with this version of Minecraft
2014-05-27 20:38:22 [FINE] [ForgeModLoader] Enqueued coremod NEICorePlugin
2014-05-27 20:38:22 [FINE] [ForgeModLoader] Examining for coremod candidacy RedstoneArsenal-1.0.0.0.jar
2014-05-27 20:38:22 [FINE] [ForgeModLoader] Not found coremod data in RedstoneArsenal-1.0.0.0.jar
2014-05-27 20:38:22 [FINE] [ForgeModLoader] Examining for coremod candidacy TConstruct_mc1.6.4_1.5.4.jar
2014-05-27 20:38:22 [FINEST] [ForgeModLoader] Found FMLCorePluginContainsFMLMod marker in TConstruct_mc1.6.4_1.5.4.jar, it will be examined later for regular @Mod instances
2014-05-27 20:38:22 [FINE] [ForgeModLoader] Instantiating coremod class TConstructLoaderContainer
2014-05-27 20:38:22 [WARNING] [ForgeModLoader] The coremod tconstruct.preloader.TConstructLoaderContainer does not have a MCVersion annotation, it may cause issues with this version of Minecraft
2014-05-27 20:38:22 [INFO] [TCon-Preloader] Scalpel. Suction. Lumber axe. CLEAR! *zap*
2014-05-27 20:38:22 [INFO] [TCon-Preloader] Constructing preloader (Modules: [tconstruct.preloader.AccessTransformers, tconstruct.preloader.ASMInterfaceRepair])
2014-05-27 20:38:22 [INFO] [TCon-Preloader] Found a properties file. Attempting load...
2014-05-27 20:38:22 [INFO] [TCon-Preloader] Loaded properties successfully. Using specified settings.
2014-05-27 20:38:22 [FINE] [ForgeModLoader] Enqueued coremod TConstructLoaderContainer
2014-05-27 20:38:22 [FINE] [ForgeModLoader] Examining for coremod candidacy ThaumicTinkerer-2.3-140.jar
2014-05-27 20:38:22 [FINE] [ForgeModLoader] Not found coremod data in ThaumicTinkerer-2.3-140.jar
2014-05-27 20:38:22 [FINE] [ForgeModLoader] Examining for coremod candidacy ThermalExpansion-3.0.0.2.jar
2014-05-27 20:38:22 [FINE] [ForgeModLoader] Not found coremod data in ThermalExpansion-3.0.0.2.jar
2014-05-27 20:38:22 [FINE] [ForgeModLoader] Examining for coremod candidacy appeng-rv14-finale3-mc16x.jar
2014-05-27 20:38:22 [FINEST] [ForgeModLoader] Found FMLCorePluginContainsFMLMod marker in appeng-rv14-finale3-mc16x.jar, it will be examined later for regular @Mod instances
2014-05-27 20:38:22 [FINE] [ForgeModLoader] Instantiating coremod class AppEngCore
2014-05-27 20:38:22 [WARNING] [ForgeModLoader] The coremod appeng.transformer.AppEngCore does not have a MCVersion annotation, it may cause issues with this version of Minecraft
2014-05-27 20:38:22 [INFO] [ForgeModLoader] [AppEng] Core Init
2014-05-27 20:38:22 [FINE] [ForgeModLoader] Enqueued coremod AppEngCore
2014-05-27 20:38:22 [FINE] [ForgeModLoader] Examining for coremod candidacy autoutils-1.6.4-1.0.1.jar
2014-05-27 20:38:22 [FINE] [ForgeModLoader] Examining for coremod candidacy buildcraft-A-1.6.4-4.2.2.jar
2014-05-27 20:38:22 [FINE] [ForgeModLoader] Not found coremod data in buildcraft-A-1.6.4-4.2.2.jar
2014-05-27 20:38:22 [FINE] [ForgeModLoader] Examining for coremod candidacy forestry-A-2.3.1.0.jar
2014-05-27 20:38:22 [FINE] [ForgeModLoader] Not found coremod data in forestry-A-2.3.1.0.jar
2014-05-27 20:38:22 [FINE] [ForgeModLoader] Examining for coremod candidacy vending-1.6.4-1.1.1.jar
2014-05-27 20:38:22 [INFO] [ForgeModLoader] Loading tweak class name cpw.mods.fml.common.launcher.FMLInjectionAndSortingTweaker
2014-05-27 20:38:22 [INFO] [ForgeModLoader] Loading tweak class name cpw.mods.fml.common.launcher.FMLDeobfTweaker
2014-05-27 20:38:22 [INFO] [ForgeModLoader] Calling tweak class cpw.mods.fml.common.launcher.FMLInjectionAndSortingTweaker
2014-05-27 20:38:22 [INFO] [ForgeModLoader] Calling tweak class cpw.mods.fml.common.launcher.FMLInjectionAndSortingTweaker
2014-05-27 20:38:22 [INFO] [ForgeModLoader] Calling tweak class cpw.mods.fml.relauncher.CoreModManager$FMLPluginWrapper
2014-05-27 20:38:22 [FINE] [ForgeModLoader] Injecting coremod FMLCorePlugin {cpw.mods.fml.relauncher.FMLCorePlugin} class transformers
2014-05-27 20:38:22 [FINEST] [ForgeModLoader] Registering transformer cpw.mods.fml.common.asm.transformers.AccessTransformer
2014-05-27 20:38:22 [FINEST] [ForgeModLoader] Registering transformer cpw.mods.fml.common.asm.transformers.SideTransformer
2014-05-27 20:38:22 [FINE] [ForgeModLoader] Injection complete
2014-05-27 20:38:22 [FINE] [ForgeModLoader] Running coremod plugin for FMLCorePlugin {cpw.mods.fml.relauncher.FMLCorePlugin}
2014-05-27 20:38:22 [FINE] [ForgeModLoader] Running coremod plugin FMLCorePlugin
2014-05-27 20:38:26 [FINE] [ForgeModLoader] Coremod plugin class FMLCorePlugin run successfully
2014-05-27 20:38:26 [INFO] [ForgeModLoader] Calling tweak class cpw.mods.fml.relauncher.CoreModManager$FMLPluginWrapper
2014-05-27 20:38:26 [FINE] [ForgeModLoader] Injecting coremod FMLForgePlugin {net.minecraftforge.classloading.FMLForgePlugin} class transformers
2014-05-27 20:38:26 [FINEST] [ForgeModLoader] Registering transformer net.minecraftforge.transformers.ForgeAccessTransformer
2014-05-27 20:38:26 [FINEST] [ForgeModLoader] Registering transformer net.minecraftforge.transformers.EventTransformer
2014-05-27 20:38:26 [FINE] [ForgeModLoader] Injection complete
2014-05-27 20:38:26 [FINE] [ForgeModLoader] Running coremod plugin for FMLForgePlugin {net.minecraftforge.classloading.FMLForgePlugin}
2014-05-27 20:38:26 [FINE] [ForgeModLoader] Running coremod plugin FMLForgePlugin
2014-05-27 20:38:26 [FINE] [ForgeModLoader] Coremod plugin class FMLForgePlugin run successfully
2014-05-27 20:38:26 [INFO] [ForgeModLoader] Calling tweak class cpw.mods.fml.relauncher.CoreModManager$FMLPluginWrapper
2014-05-27 20:38:26 [FINE] [ForgeModLoader] Injecting coremod DepLoader {codechicken.core.launch.DepLoader} class transformers
2014-05-27 20:38:26 [FINE] [ForgeModLoader] Injection complete
2014-05-27 20:38:26 [FINE] [ForgeModLoader] Running coremod plugin for DepLoader {codechicken.core.launch.DepLoader}
2014-05-27 20:38:26 [FINE] [ForgeModLoader] Running coremod plugin DepLoader
2014-05-27 20:38:26 [FINE] [ForgeModLoader] Coremod plugin class DepLoader run successfully
2014-05-27 20:38:26 [INFO] [ForgeModLoader] Calling tweak class cpw.mods.fml.relauncher.CoreModManager$FMLPluginWrapper
2014-05-27 20:38:26 [FINE] [ForgeModLoader] Injecting coremod LoadingPlugin {cofh.asm.LoadingPlugin} class transformers
2014-05-27 20:38:26 [FINEST] [ForgeModLoader] Registering transformer cofh.asm.TransformerCore
2014-05-27 20:38:26 [FINEST] [ForgeModLoader] Registering transformer cofh.asm.TransformerMasquerade
2014-05-27 20:38:26 [FINE] [ForgeModLoader] Injection complete
2014-05-27 20:38:26 [FINE] [ForgeModLoader] Running coremod plugin for LoadingPlugin {cofh.asm.LoadingPlugin}
2014-05-27 20:38:26 [FINE] [ForgeModLoader] Running coremod plugin LoadingPlugin
2014-05-27 20:38:26 [FINE] [ForgeModLoader] Coremod plugin class LoadingPlugin run successfully
2014-05-27 20:38:26 [INFO] [ForgeModLoader] Calling tweak class cpw.mods.fml.relauncher.CoreModManager$FMLPluginWrapper
2014-05-27 20:38:26 [FINE] [ForgeModLoader] Injecting coremod CodeChickenCorePlugin {codechicken.core.launch.CodeChickenCorePlugin} class transformers
2014-05-27 20:38:26 [FINEST] [ForgeModLoader] Registering transformer codechicken.lib.asm.ClassHeirachyManager
2014-05-27 20:38:26 [FINEST] [ForgeModLoader] Registering transformer codechicken.core.asm.CodeChickenAccessTransformer
2014-05-27 20:38:26 [FINEST] [ForgeModLoader] Registering transformer codechicken.core.asm.InterfaceDependancyTransformer
2014-05-27 20:38:26 [FINEST] [ForgeModLoader] Registering transformer codechicken.core.asm.TweakTransformer
2014-05-27 20:38:26 [FINEST] [ForgeModLoader] Registering transformer codechicken.core.asm.FeatureHackTransformer
2014-05-27 20:38:26 [FINEST] [ForgeModLoader] Registering transformer codechicken.core.asm.DelegatedTransformer
2014-05-27 20:38:26 [FINEST] [ForgeModLoader] Registering transformer codechicken.core.asm.DefaultImplementationTransformer
2014-05-27 20:38:26 [FINE] [ForgeModLoader] Injection complete
2014-05-27 20:38:26 [FINE] [ForgeModLoader] Running coremod plugin for CodeChickenCorePlugin {codechicken.core.launch.CodeChickenCorePlugin}
2014-05-27 20:38:26 [FINE] [ForgeModLoader] Running coremod plugin CodeChickenCorePlugin
2014-05-27 20:38:26 [FINE] [ForgeModLoader] Coremod plugin class CodeChickenCorePlugin run successfully
2014-05-27 20:38:26 [INFO] [ForgeModLoader] Calling tweak class cpw.mods.fml.relauncher.CoreModManager$FMLPluginWrapper
2014-05-27 20:38:26 [FINE] [ForgeModLoader] Injecting coremod FMLPlugin {invtweaks.forge.asm.FMLPlugin} class transformers
2014-05-27 20:38:26 [FINEST] [ForgeModLoader] Registering transformer invtweaks.forge.asm.ContainerTransformer
2014-05-27 20:38:26 [FINE] [ForgeModLoader] Injection complete
2014-05-27 20:38:26 [FINE] [ForgeModLoader] Running coremod plugin for FMLPlugin {invtweaks.forge.asm.FMLPlugin}
2014-05-27 20:38:26 [FINE] [ForgeModLoader] Running coremod plugin FMLPlugin
2014-05-27 20:38:26 [FINE] [ForgeModLoader] Coremod plugin class FMLPlugin run successfully
2014-05-27 20:38:26 [INFO] [ForgeModLoader] Calling tweak class cpw.mods.fml.relauncher.CoreModManager$FMLPluginWrapper
2014-05-27 20:38:26 [FINE] [ForgeModLoader] Injecting coremod NEICorePlugin {codechicken.nei.asm.NEICorePlugin} class transformers
2014-05-27 20:38:26 [FINEST] [ForgeModLoader] Registering transformer codechicken.nei.asm.NEITransformer
2014-05-27 20:38:26 [SEVERE] [ForgeModLoader] A critical problem occurred registering the ASM transformer class codechicken.nei.asm.NEITransformer
java.lang.NullPointerException
	at java.io.Reader.<init>(Reader.java:78)
	at java.io.InputStreamReader.<init>(InputStreamReader.java:72)
	at codechicken.lib.asm.ASMReader.loadResource(ASMReader.java:257)
	at codechicken.lib.asm.ASMReader.loadResource(ASMReader.java:247)
	at codechicken.nei.asm.NEITransformer.<init>(NEITransformer.java:27)
	at sun.reflect.NativeConstructorAccessorImpl.newInstance0(Native Method)
	at sun.reflect.NativeConstructorAccessorImpl.newInstance(NativeConstructorAccessorImpl.java:57)
	at sun.reflect.DelegatingConstructorAccessorImpl.newInstance(DelegatingConstructorAccessorImpl.java:45)
	at java.lang.reflect.Constructor.newInstance(Constructor.java:526)
	at java.lang.Class.newInstance(Class.java:374)
	at net.minecraft.launchwrapper.LaunchClassLoader.registerTransformer(LaunchClassLoader.java:84)
	at cpw.mods.fml.relauncher.CoreModManager$FMLPluginWrapper.injectIntoClassLoader(CoreModManager.java:100)
	at net.minecraft.launchwrapper.Launch.launch(Launch.java:111)
	at net.minecraft.launchwrapper.Launch.main(Launch.java:27)
	at sun.reflect.NativeMethodAccessorImpl.invoke0(Native Method)
	at sun.reflect.NativeMethodAccessorImpl.invoke(NativeMethodAccessorImpl.java:57)
	at sun.reflect.DelegatingMethodAccessorImpl.invoke(DelegatingMethodAccessorImpl.java:43)
	at java.lang.reflect.Method.invoke(Method.java:606)
	at cpw.mods.fml.relauncher.ServerLaunchWrapper.run(ServerLaunchWrapper.java:86)
	at cpw.mods.fml.relauncher.ServerLaunchWrapper.main(ServerLaunchWrapper.java:54)
2014-05-27 20:38:26 [FINE] [ForgeModLoader] Injection complete
2014-05-27 20:38:26 [FINE] [ForgeModLoader] Running coremod plugin for NEICorePlugin {codechicken.nei.asm.NEICorePlugin}
2014-05-27 20:38:26 [FINE] [ForgeModLoader] Running coremod plugin NEICorePlugin
2014-05-27 20:38:26 [SEVERE] [ForgeModLoader] Unable to launch
java.lang.RuntimeException: java.lang.RuntimeException: java.io.FileNotFoundException: /home/sigurre/WhitespaceServer/mods/NotEnoughItems 1.6.1.9.jar (No such file or directory)
	at cpw.mods.fml.relauncher.CoreModManager$FMLPluginWrapper.injectIntoClassLoader(CoreModManager.java:128)
	at net.minecraft.launchwrapper.Launch.launch(Launch.java:111)
	at net.minecraft.launchwrapper.Launch.main(Launch.java:27)
	at sun.reflect.NativeMethodAccessorImpl.invoke0(Native Method)
	at sun.reflect.NativeMethodAccessorImpl.invoke(NativeMethodAccessorImpl.java:57)
	at sun.reflect.DelegatingMethodAccessorImpl.invoke(DelegatingMethodAccessorImpl.java:43)
	at java.lang.reflect.Method.invoke(Method.java:606)
	at cpw.mods.fml.relauncher.ServerLaunchWrapper.run(ServerLaunchWrapper.java:86)
	at cpw.mods.fml.relauncher.ServerLaunchWrapper.main(ServerLaunchWrapper.java:54)
Caused by: java.lang.RuntimeException: java.io.FileNotFoundException: /home/sigurre/WhitespaceServer/mods/NotEnoughItems 1.6.1.9.jar (No such file or directory)
	at codechicken.core.asm.DefaultImplementationTransformer.getClassNode(DefaultImplementationTransformer.java:26)
	at codechicken.core.asm.DefaultImplementationTransformer.access$000(DefaultImplementationTransformer.java:19)
	at codechicken.core.asm.DefaultImplementationTransformer$InterfaceImpl.<init>(DefaultImplementationTransformer.java:39)
	at codechicken.core.asm.DefaultImplementationTransformer.registerDefaultImpl(DefaultImplementationTransformer.java:76)
	at codechicken.nei.asm.NEICorePlugin.call(NEICorePlugin.java:44)
	at codechicken.nei.asm.NEICorePlugin.call(NEICorePlugin.java:12)
	at cpw.mods.fml.relauncher.CoreModManager$FMLPluginWrapper.injectIntoClassLoader(CoreModManager.java:124)
	... 8 more
Caused by: java.io.FileNotFoundException: /home/sigurre/WhitespaceServer/mods/NotEnoughItems 1.6.1.9.jar (No such file or directory)
	at java.util.zip.ZipFile.open(Native Method)
	at java.util.zip.ZipFile.<init>(ZipFile.java:215)
	at java.util.zip.ZipFile.<init>(ZipFile.java:145)
	at java.util.jar.JarFile.<init>(JarFile.java:153)
	at java.util.jar.JarFile.<init>(JarFile.java:90)
	at sun.net.www.protocol.jar.URLJarFile.<init>(URLJarFile.java:93)
	at sun.net.www.protocol.jar.URLJarFile.getJarFile(URLJarFile.java:69)
	at sun.net.www.protocol.jar.JarFileFactory.get(JarFileFactory.java:84)
	at sun.net.www.protocol.jar.JarURLConnection.connect(JarURLConnection.java:122)
	at sun.net.www.protocol.jar.JarURLConnection.getInputStream(JarURLConnection.java:150)
	at java.net.URL.openStream(URL.java:1037)
	at net.minecraft.launchwrapper.LaunchClassLoader.getClassBytes(LaunchClassLoader.java:365)
	at codechicken.core.asm.DefaultImplementationTransformer.getClassNode(DefaultImplementationTransformer.java:24)
	... 14 more
