#
# There is insufficient memory for the Java Runtime Environment to continue.
# Native memory allocation (malloc) failed to allocate 1431699456 bytes for committing reserved memory.
# Possible reasons:
#   The system is out of physical RAM or swap space
#   In 32 bit mode, the process size limit was hit
# Possible solutions:
#   Reduce memory load on the system
#   Increase physical memory or swap space
#   Check if swap backing store is full
#   Use 64 bit Java on a 64 bit OS
#   Decrease Java heap size (-Xmx/-Xms)
#   Decrease number of Java threads
#   Decrease Java thread stack sizes (-Xss)
#   Set larger code cache with -XX:ReservedCodeCacheSize=
# This output file may be truncated or incomplete.
#
#  Out of Memory Error (os_linux.cpp:2726), pid=4069, tid=3065600832
#
# JRE version:  (7.0_55-b13) (build )
# Java VM: Java HotSpot(TM) Client VM (24.55-b03 mixed mode linux-x86 )
# Failed to write core dump. Core dumps have been disabled. To enable core dumping, try "ulimit -c unlimited" before starting Java again
#

---------------  T H R E A D  ---------------

Current thread (0xb6a07000):  JavaThread "Unknown thread" [_thread_in_vm, id=4070, stack(0xb6b45000,0xb6b96000)]

Stack: [0xb6b45000,0xb6b96000],  sp=0xb6b94aa0,  free space=318k
Native frames: (J=compiled Java code, j=interpreted, Vv=VM code, C=native code)
V  [libjvm.so+0x503d66]  VMError::report_and_die()+0x1a6
V  [libjvm.so+0x1db2c2]  report_vm_out_of_memory(char const*, int, unsigned int, char const*)+0x72
V  [libjvm.so+0x3ff9b1]  os::Linux::commit_memory_impl(char*, unsigned int, bool)+0xe1
V  [libjvm.so+0x3ffe07]  os::Linux::commit_memory_impl(char*, unsigned int, unsigned int, bool)+0x47
V  [libjvm.so+0x3fffed]  os::pd_commit_memory(char*, unsigned int, unsigned int, bool)+0x1d
V  [libjvm.so+0x3f9a1c]  os::commit_memory(char*, unsigned int, unsigned int, bool)+0x2c
V  [libjvm.so+0x4ffa1c]  VirtualSpace::expand_by(unsigned int, bool)+0x20c
V  [libjvm.so+0x4ffb8d]  VirtualSpace::initialize(ReservedSpace, unsigned int)+0xad
V  [libjvm.so+0x25606a]  CardGeneration::CardGeneration(ReservedSpace, unsigned int, int, GenRemSet*)+0x9a
V  [libjvm.so+0x4c54e2]  TenuredGeneration::TenuredGeneration(ReservedSpace, unsigned int, int, GenRemSet*)+0x42
V  [libjvm.so+0x257196]  GenerationSpec::init(ReservedSpace, int, GenRemSet*)+0x2a6
V  [libjvm.so+0x24afe1]  GenCollectedHeap::initialize()+0x291
V  [libjvm.so+0x4dc0e4]  Universe::initialize_heap()+0xa4
V  [libjvm.so+0x4dd715]  universe_init()+0x55
V  [libjvm.so+0x271105]  init_globals()+0x55
V  [libjvm.so+0x4d0450]  Threads::create_vm(JavaVMInitArgs*, bool*)+0x200
V  [libjvm.so+0x2e2d4c]  JNI_CreateJavaVM+0x5c
C  [libjli.so+0x2668]  JavaMain+0x98
C  [libpthread.so.0+0x6d4c]  start_thread+0xcc


---------------  P R O C E S S  ---------------

Java Threads: ( => current thread )

Other Threads:

=>0xb6a07000 (exited) JavaThread "Unknown thread" [_thread_in_vm, id=4070, stack(0xb6b45000,0xb6b96000)]

VM state:not at safepoint (not fully initialized)

VM Mutex/Monitor currently owned by a thread: None

GC Heap History (0 events):
No events

Deoptimization events (0 events):
No events

Internal exceptions (0 events):
No events

Events (0 events):
No events


Dynamic libraries:
08048000-08049000 r-xp 00000000 08:01 1324178    /usr/lib/jvm/java-7-oracle/jre/bin/java
08049000-0804a000 rw-p 00000000 08:01 1324178    /usr/lib/jvm/java-7-oracle/jre/bin/java
08096000-080b7000 rw-p 00000000 00:00 0          [heap]
304ff000-30655000 rw-p 00000000 00:00 0 
30655000-3091f000 rw-p 00000000 00:00 0 
3091f000-5b3c0000 rw-p 00000000 00:00 0 
b07d3000-b0920000 rw-p 00000000 00:00 0 
b0920000-b4920000 rw-p 00000000 00:00 0 
b492c000-b492d000 rw-p 00000000 00:00 0 
b492d000-b49ac000 rw-p 00000000 00:00 0 
b49ac000-b49d4000 rwxp 00000000 00:00 0 
b49d4000-b69ac000 rw-p 00000000 00:00 0 
b69ac000-b69c3000 r-xp 00000000 08:01 1444959    /usr/lib/jvm/java-7-oracle/jre/lib/i386/libzip.so
b69c3000-b69c4000 rw-p 00017000 08:01 1444959    /usr/lib/jvm/java-7-oracle/jre/lib/i386/libzip.so
b69c4000-b69cf000 r-xp 00000000 08:01 529946     /lib/i386-linux-gnu/libnss_files-2.15.so
b69cf000-b69d0000 r--p 0000a000 08:01 529946     /lib/i386-linux-gnu/libnss_files-2.15.so
b69d0000-b69d1000 rw-p 0000b000 08:01 529946     /lib/i386-linux-gnu/libnss_files-2.15.so
b69d1000-b69db000 r-xp 00000000 08:01 529945     /lib/i386-linux-gnu/libnss_nis-2.15.so
b69db000-b69dc000 r--p 00009000 08:01 529945     /lib/i386-linux-gnu/libnss_nis-2.15.so
b69dc000-b69dd000 rw-p 0000a000 08:01 529945     /lib/i386-linux-gnu/libnss_nis-2.15.so
b69dd000-b69f3000 r-xp 00000000 08:01 529932     /lib/i386-linux-gnu/libnsl-2.15.so
b69f3000-b69f4000 r--p 00015000 08:01 529932     /lib/i386-linux-gnu/libnsl-2.15.so
b69f4000-b69f5000 rw-p 00016000 08:01 529932     /lib/i386-linux-gnu/libnsl-2.15.so
b69f5000-b69f7000 rw-p 00000000 00:00 0 
b69f7000-b69fe000 r-xp 00000000 08:01 529947     /lib/i386-linux-gnu/libnss_compat-2.15.so
b69fe000-b69ff000 r--p 00006000 08:01 529947     /lib/i386-linux-gnu/libnss_compat-2.15.so
b69ff000-b6a00000 rw-p 00007000 08:01 529947     /lib/i386-linux-gnu/libnss_compat-2.15.so
b6a00000-b6a21000 rw-p 00000000 00:00 0 
b6a21000-b6b00000 ---p 00000000 00:00 0 
b6b10000-b6b18000 rw-s 00000000 08:01 1187670    /tmp/hsperfdata_sigurre/4069
b6b18000-b6b3b000 r-xp 00000000 08:01 1444928    /usr/lib/jvm/java-7-oracle/jre/lib/i386/libjava.so
b6b3b000-b6b3c000 rw-p 00022000 08:01 1444928    /usr/lib/jvm/java-7-oracle/jre/lib/i386/libjava.so
b6b3c000-b6b43000 r-xp 00000000 08:01 529940     /lib/i386-linux-gnu/librt-2.15.so
b6b43000-b6b44000 r--p 00006000 08:01 529940     /lib/i386-linux-gnu/librt-2.15.so
b6b44000-b6b45000 rw-p 00007000 08:01 529940     /lib/i386-linux-gnu/librt-2.15.so
b6b45000-b6b48000 ---p 00000000 00:00 0 
b6b48000-b6b96000 rw-p 00000000 00:00 0          [stack:4070]
b6b96000-b6bc0000 r-xp 00000000 08:01 529944     /lib/i386-linux-gnu/libm-2.15.so
b6bc0000-b6bc1000 r--p 00029000 08:01 529944     /lib/i386-linux-gnu/libm-2.15.so
b6bc1000-b6bc2000 rw-p 0002a000 08:01 529944     /lib/i386-linux-gnu/libm-2.15.so
b6bc2000-b7148000 r-xp 00000000 08:01 1444616    /usr/lib/jvm/java-7-oracle/jre/lib/i386/client/libjvm.so
b7148000-b7169000 rw-p 00586000 08:01 1444616    /usr/lib/jvm/java-7-oracle/jre/lib/i386/client/libjvm.so
b7169000-b758a000 rw-p 00000000 00:00 0 
b758a000-b772e000 r-xp 00000000 08:01 529949     /lib/i386-linux-gnu/libc-2.15.so
b772e000-b7730000 r--p 001a4000 08:01 529949     /lib/i386-linux-gnu/libc-2.15.so
b7730000-b7731000 rw-p 001a6000 08:01 529949     /lib/i386-linux-gnu/libc-2.15.so
b7731000-b7734000 rw-p 00000000 00:00 0 
b7734000-b7737000 r-xp 00000000 08:01 529948     /lib/i386-linux-gnu/libdl-2.15.so
b7737000-b7738000 r--p 00002000 08:01 529948     /lib/i386-linux-gnu/libdl-2.15.so
b7738000-b7739000 rw-p 00003000 08:01 529948     /lib/i386-linux-gnu/libdl-2.15.so
b7739000-b773a000 rw-p 00000000 00:00 0 
b773a000-b774d000 r-xp 00000000 08:01 1444927    /usr/lib/jvm/java-7-oracle/jre/lib/i386/jli/libjli.so
b774d000-b774e000 rw-p 00012000 08:01 1444927    /usr/lib/jvm/java-7-oracle/jre/lib/i386/jli/libjli.so
b774e000-b7765000 r-xp 00000000 08:01 529938     /lib/i386-linux-gnu/libpthread-2.15.so
b7765000-b7766000 r--p 00016000 08:01 529938     /lib/i386-linux-gnu/libpthread-2.15.so
b7766000-b7767000 rw-p 00017000 08:01 529938     /lib/i386-linux-gnu/libpthread-2.15.so
b7767000-b7769000 rw-p 00000000 00:00 0 
b776d000-b776e000 rw-p 00000000 00:00 0 
b776e000-b776f000 r--p 00000000 00:00 0 
b776f000-b777a000 r-xp 00000000 08:01 1444946    /usr/lib/jvm/java-7-oracle/jre/lib/i386/libverify.so
b777a000-b777b000 rw-p 0000b000 08:01 1444946    /usr/lib/jvm/java-7-oracle/jre/lib/i386/libverify.so
b777b000-b777d000 rw-p 00000000 00:00 0 
b777d000-b777e000 r-xp 00000000 00:00 0          [vdso]
b777e000-b779e000 r-xp 00000000 08:01 529939     /lib/i386-linux-gnu/ld-2.15.so
b779e000-b779f000 r--p 0001f000 08:01 529939     /lib/i386-linux-gnu/ld-2.15.so
b779f000-b77a0000 rw-p 00020000 08:01 529939     /lib/i386-linux-gnu/ld-2.15.so
bfc92000-bfcb3000 rw-p 00000000 00:00 0          [stack]

VM Arguments:
jvm_args: -Xms2048m -Xmx2048m 
java_command: server.jar nogui
Launcher Type: SUN_STANDARD

Environment Variables:
PATH=/usr/local/sbin:/usr/local/bin:/usr/sbin:/usr/bin:/sbin:/bin:/usr/games
SHELL=/bin/bash

Signal Handlers:
SIGSEGV: [libjvm.so+0x504880], sa_mask[0]=0x7ffbfeff, sa_flags=0x10000004
SIGBUS: [libjvm.so+0x504880], sa_mask[0]=0x7ffbfeff, sa_flags=0x10000004
SIGFPE: [libjvm.so+0x3fc8f0], sa_mask[0]=0x7ffbfeff, sa_flags=0x10000004
SIGPIPE: [libjvm.so+0x3fc8f0], sa_mask[0]=0x7ffbfeff, sa_flags=0x10000004
SIGXFSZ: [libjvm.so+0x3fc8f0], sa_mask[0]=0x7ffbfeff, sa_flags=0x10000004
SIGILL: [libjvm.so+0x3fc8f0], sa_mask[0]=0x7ffbfeff, sa_flags=0x10000004
SIGUSR1: SIG_DFL, sa_mask[0]=0x00000000, sa_flags=0x00000000
SIGUSR2: [libjvm.so+0x3fdde0], sa_mask[0]=0x00000004, sa_flags=0x10000004
SIGHUP: SIG_DFL, sa_mask[0]=0x00000000, sa_flags=0x00000000
SIGINT: SIG_DFL, sa_mask[0]=0x00000000, sa_flags=0x00000000
SIGTERM: SIG_DFL, sa_mask[0]=0x00000000, sa_flags=0x00000000
SIGQUIT: SIG_DFL, sa_mask[0]=0x00000000, sa_flags=0x00000000


---------------  S Y S T E M  ---------------

OS:wheezy/sid

uname:Linux 3.5.0-49-generic #73~precise1-Ubuntu SMP Wed Apr 2 18:36:19 UTC 2014 i686
libc:glibc 2.15 NPTL 2.15 
rlimit: STACK 8192k, CORE 0k, NPROC 15937, NOFILE 4096, AS infinity
load average:2.89 1.78 1.07

/proc/meminfo:
MemTotal:        2055908 kB
MemFree:          121264 kB
Buffers:            6904 kB
Cached:           147000 kB
SwapCached:       267128 kB
Active:          1213576 kB
Inactive:         669048 kB
Active(anon):    1195256 kB
Inactive(anon):   641980 kB
Active(file):      18320 kB
Inactive(file):    27068 kB
Unevictable:           0 kB
Mlocked:               0 kB
HighTotal:       1174344 kB
HighFree:          18784 kB
LowTotal:         881564 kB
LowFree:          102480 kB
SwapTotal:       2085884 kB
SwapFree:        1118524 kB
Dirty:              4364 kB
Writeback:             0 kB
AnonPages:       1708280 kB
Mapped:            16064 kB
Shmem:            108424 kB
Slab:              22192 kB
SReclaimable:      10520 kB
SUnreclaim:        11672 kB
KernelStack:        2632 kB
PageTables:         9800 kB
NFS_Unstable:          0 kB
Bounce:                0 kB
WritebackTmp:          0 kB
CommitLimit:     3113836 kB
Committed_AS:    4726612 kB
VmallocTotal:     122880 kB
VmallocUsed:       11144 kB
VmallocChunk:     107604 kB
HardwareCorrupted:     0 kB
AnonHugePages:         0 kB
HugePages_Total:       0
HugePages_Free:        0
HugePages_Rsvd:        0
HugePages_Surp:        0
Hugepagesize:       2048 kB
DirectMap4k:       10232 kB
DirectMap2M:      903168 kB


CPU:total 1 (1 cores per cpu, 1 threads per core) family 6 model 22 stepping 1, cmov, cx8, fxsr, mmx, sse, sse2, sse3, ssse3, tsc

/proc/cpuinfo:
processor	: 0
vendor_id	: GenuineIntel
cpu family	: 6
model		: 22
model name	: Intel(R) Celeron(R) CPU          540  @ 1.86GHz
stepping	: 1
microcode	: 0x33
cpu MHz		: 1862.084
cache size	: 1024 KB
fdiv_bug	: no
hlt_bug		: no
f00f_bug	: no
coma_bug	: no
fpu		: yes
fpu_exception	: yes
cpuid level	: 10
wp		: yes
flags		: fpu vme de pse tsc msr pae mce cx8 apic sep mtrr pge mca cmov pat pse36 clflush dts acpi mmx fxsr sse sse2 ss tm pbe nx lm constant_tsc up arch_perfmon pebs bts aperfmperf pni dtes64 monitor ds_cpl tm2 ssse3 cx16 xtpr pdcm lahf_lm dtherm
bogomips	: 3724.16
clflush size	: 64
cache_alignment	: 64
address sizes	: 36 bits physical, 48 bits virtual
power management:



Memory: 4k page, physical 2055908k(121264k free), swap 2085884k(1118524k free)

vm_info: Java HotSpot(TM) Client VM (24.55-b03) for linux-x86 JRE (1.7.0_55-b13), built on Mar 17 2014 19:43:32 by "java_re" with gcc 4.3.0 20080428 (Red Hat 4.3.0-8)

time: Sat May  3 20:53:34 2014
elapsed time: 0 seconds

