#
# There is insufficient memory for the Java Runtime Environment to continue.
# Native memory allocation (malloc) failed to allocate 1431699456 bytes for committing reserved memory.
# Possible reasons:
#   The system is out of physical RAM or swap space
#   In 32 bit mode, the process size limit was hit
# Possible solutions:
#   Reduce memory load on the system
#   Increase physical memory or swap space
#   Check if swap backing store is full
#   Use 64 bit Java on a 64 bit OS
#   Decrease Java heap size (-Xmx/-Xms)
#   Decrease number of Java threads
#   Decrease Java thread stack sizes (-Xss)
#   Set larger code cache with -XX:ReservedCodeCacheSize=
# This output file may be truncated or incomplete.
#
#  Out of Memory Error (os_linux.cpp:2726), pid=16608, tid=3065142080
#
# JRE version:  (7.0_51-b13) (build )
# Java VM: Java HotSpot(TM) Client VM (24.51-b03 mixed mode linux-x86 )
# Failed to write core dump. Core dumps have been disabled. To enable core dumping, try "ulimit -c unlimited" before starting Java again
#

---------------  T H R E A D  ---------------

Current thread (0xb6907000):  JavaThread "Unknown thread" [_thread_in_vm, id=16612, stack(0xb6ad5000,0xb6b26000)]

Stack: [0xb6ad5000,0xb6b26000],  sp=0xb6b24aa0,  free space=318k
Native frames: (J=compiled Java code, j=interpreted, Vv=VM code, C=native code)
V  [libjvm.so+0x503cc6]  VMError::report_and_die()+0x1a6
V  [libjvm.so+0x1db222]  report_vm_out_of_memory(char const*, int, unsigned int, char const*)+0x72
V  [libjvm.so+0x3ff911]  os::Linux::commit_memory_impl(char*, unsigned int, bool)+0xe1
V  [libjvm.so+0x3ffd67]  os::Linux::commit_memory_impl(char*, unsigned int, unsigned int, bool)+0x47
V  [libjvm.so+0x3fff4d]  os::pd_commit_memory(char*, unsigned int, unsigned int, bool)+0x1d
V  [libjvm.so+0x3f997c]  os::commit_memory(char*, unsigned int, unsigned int, bool)+0x2c
V  [libjvm.so+0x4ff97c]  VirtualSpace::expand_by(unsigned int, bool)+0x20c
V  [libjvm.so+0x4ffaed]  VirtualSpace::initialize(ReservedSpace, unsigned int)+0xad
V  [libjvm.so+0x255fca]  CardGeneration::CardGeneration(ReservedSpace, unsigned int, int, GenRemSet*)+0x9a
V  [libjvm.so+0x4c5442]  TenuredGeneration::TenuredGeneration(ReservedSpace, unsigned int, int, GenRemSet*)+0x42
V  [libjvm.so+0x2570f6]  GenerationSpec::init(ReservedSpace, int, GenRemSet*)+0x2a6
V  [libjvm.so+0x24af41]  GenCollectedHeap::initialize()+0x291
V  [libjvm.so+0x4dc044]  Universe::initialize_heap()+0xa4
V  [libjvm.so+0x4dd675]  universe_init()+0x55
V  [libjvm.so+0x271065]  init_globals()+0x55
V  [libjvm.so+0x4d03b0]  Threads::create_vm(JavaVMInitArgs*, bool*)+0x200
V  [libjvm.so+0x2e2cac]  JNI_CreateJavaVM+0x5c
C  [libjli.so+0x2668]  JavaMain+0x98
C  [libpthread.so.0+0x6d4c]  start_thread+0xcc


---------------  P R O C E S S  ---------------

Java Threads: ( => current thread )

Other Threads:

=>0xb6907000 (exited) JavaThread "Unknown thread" [_thread_in_vm, id=16612, stack(0xb6ad5000,0xb6b26000)]

VM state:not at safepoint (not fully initialized)

VM Mutex/Monitor currently owned by a thread: None

GC Heap History (0 events):
No events

Deoptimization events (0 events):
No events

Internal exceptions (0 events):
No events

Events (0 events):
No events


Dynamic libraries:
08048000-08049000 r-xp 00000000 08:01 1324191    /usr/lib/jvm/java-7-oracle/jre/bin/java
08049000-0804a000 rw-p 00000000 08:01 1324191    /usr/lib/jvm/java-7-oracle/jre/bin/java
08bb0000-08bd1000 rw-p 00000000 00:00 0          [heap]
3045f000-305b5000 rw-p 00000000 00:00 0 
305b5000-3087f000 rw-p 00000000 00:00 0 
3087f000-5b320000 rw-p 00000000 00:00 0 
b0733000-b0880000 rw-p 00000000 00:00 0 
b0880000-b4880000 rw-p 00000000 00:00 0 
b4880000-b4881000 rw-p 00000000 00:00 0 
b4881000-b4900000 rw-p 00000000 00:00 0 
b4900000-b4928000 rwxp 00000000 00:00 0 
b4928000-b6921000 rw-p 00000000 00:00 0 
b6921000-b6a00000 ---p 00000000 00:00 0 
b6a42000-b6a59000 r-xp 00000000 08:01 1447126    /usr/lib/jvm/java-7-oracle/jre/lib/i386/libzip.so
b6a59000-b6a5a000 rw-p 00017000 08:01 1447126    /usr/lib/jvm/java-7-oracle/jre/lib/i386/libzip.so
b6a5a000-b6a65000 r-xp 00000000 08:01 529946     /lib/i386-linux-gnu/libnss_files-2.15.so
b6a65000-b6a66000 r--p 0000a000 08:01 529946     /lib/i386-linux-gnu/libnss_files-2.15.so
b6a66000-b6a67000 rw-p 0000b000 08:01 529946     /lib/i386-linux-gnu/libnss_files-2.15.so
b6a67000-b6a71000 r-xp 00000000 08:01 529945     /lib/i386-linux-gnu/libnss_nis-2.15.so
b6a71000-b6a72000 r--p 00009000 08:01 529945     /lib/i386-linux-gnu/libnss_nis-2.15.so
b6a72000-b6a73000 rw-p 0000a000 08:01 529945     /lib/i386-linux-gnu/libnss_nis-2.15.so
b6a73000-b6a89000 r-xp 00000000 08:01 529932     /lib/i386-linux-gnu/libnsl-2.15.so
b6a89000-b6a8a000 r--p 00015000 08:01 529932     /lib/i386-linux-gnu/libnsl-2.15.so
b6a8a000-b6a8b000 rw-p 00016000 08:01 529932     /lib/i386-linux-gnu/libnsl-2.15.so
b6a8b000-b6a8d000 rw-p 00000000 00:00 0 
b6a8d000-b6a94000 r-xp 00000000 08:01 529947     /lib/i386-linux-gnu/libnss_compat-2.15.so
b6a94000-b6a95000 r--p 00006000 08:01 529947     /lib/i386-linux-gnu/libnss_compat-2.15.so
b6a95000-b6a96000 rw-p 00007000 08:01 529947     /lib/i386-linux-gnu/libnss_compat-2.15.so
b6aa0000-b6aa8000 rw-s 00000000 08:01 1187103    /tmp/hsperfdata_sigurre/16608
b6aa8000-b6acb000 r-xp 00000000 08:01 1447095    /usr/lib/jvm/java-7-oracle/jre/lib/i386/libjava.so
b6acb000-b6acc000 rw-p 00022000 08:01 1447095    /usr/lib/jvm/java-7-oracle/jre/lib/i386/libjava.so
b6acc000-b6ad3000 r-xp 00000000 08:01 529940     /lib/i386-linux-gnu/librt-2.15.so
b6ad3000-b6ad4000 r--p 00006000 08:01 529940     /lib/i386-linux-gnu/librt-2.15.so
b6ad4000-b6ad5000 rw-p 00007000 08:01 529940     /lib/i386-linux-gnu/librt-2.15.so
b6ad5000-b6ad8000 ---p 00000000 00:00 0 
b6ad8000-b6b26000 rw-p 00000000 00:00 0          [stack:16612]
b6b26000-b6b50000 r-xp 00000000 08:01 529944     /lib/i386-linux-gnu/libm-2.15.so
b6b50000-b6b51000 r--p 00029000 08:01 529944     /lib/i386-linux-gnu/libm-2.15.so
b6b51000-b6b52000 rw-p 0002a000 08:01 529944     /lib/i386-linux-gnu/libm-2.15.so
b6b52000-b70d8000 r-xp 00000000 08:01 1447074    /usr/lib/jvm/java-7-oracle/jre/lib/i386/client/libjvm.so
b70d8000-b70f9000 rw-p 00586000 08:01 1447074    /usr/lib/jvm/java-7-oracle/jre/lib/i386/client/libjvm.so
b70f9000-b751a000 rw-p 00000000 00:00 0 
b751a000-b76be000 r-xp 00000000 08:01 529949     /lib/i386-linux-gnu/libc-2.15.so
b76be000-b76c0000 r--p 001a4000 08:01 529949     /lib/i386-linux-gnu/libc-2.15.so
b76c0000-b76c1000 rw-p 001a6000 08:01 529949     /lib/i386-linux-gnu/libc-2.15.so
b76c1000-b76c4000 rw-p 00000000 00:00 0 
b76c4000-b76c7000 r-xp 00000000 08:01 529948     /lib/i386-linux-gnu/libdl-2.15.so
b76c7000-b76c8000 r--p 00002000 08:01 529948     /lib/i386-linux-gnu/libdl-2.15.so
b76c8000-b76c9000 rw-p 00003000 08:01 529948     /lib/i386-linux-gnu/libdl-2.15.so
b76c9000-b76ca000 rw-p 00000000 00:00 0 
b76ca000-b76dd000 r-xp 00000000 08:01 1447094    /usr/lib/jvm/java-7-oracle/jre/lib/i386/jli/libjli.so
b76dd000-b76de000 rw-p 00012000 08:01 1447094    /usr/lib/jvm/java-7-oracle/jre/lib/i386/jli/libjli.so
b76de000-b76f5000 r-xp 00000000 08:01 529938     /lib/i386-linux-gnu/libpthread-2.15.so
b76f5000-b76f6000 r--p 00016000 08:01 529938     /lib/i386-linux-gnu/libpthread-2.15.so
b76f6000-b76f7000 rw-p 00017000 08:01 529938     /lib/i386-linux-gnu/libpthread-2.15.so
b76f7000-b76f9000 rw-p 00000000 00:00 0 
b76fd000-b76fe000 rw-p 00000000 00:00 0 
b76fe000-b76ff000 r--p 00000000 00:00 0 
b76ff000-b770a000 r-xp 00000000 08:01 1447113    /usr/lib/jvm/java-7-oracle/jre/lib/i386/libverify.so
b770a000-b770b000 rw-p 0000b000 08:01 1447113    /usr/lib/jvm/java-7-oracle/jre/lib/i386/libverify.so
b770b000-b770d000 rw-p 00000000 00:00 0 
b770d000-b770e000 r-xp 00000000 00:00 0          [vdso]
b770e000-b772e000 r-xp 00000000 08:01 529939     /lib/i386-linux-gnu/ld-2.15.so
b772e000-b772f000 r--p 0001f000 08:01 529939     /lib/i386-linux-gnu/ld-2.15.so
b772f000-b7730000 rw-p 00020000 08:01 529939     /lib/i386-linux-gnu/ld-2.15.so
bfd2b000-bfd4c000 rw-p 00000000 00:00 0          [stack]

VM Arguments:
jvm_args: -Xms2048m -Xmx2048m 
java_command: server.jar nogui
Launcher Type: SUN_STANDARD

Environment Variables:
PATH=/usr/local/sbin:/usr/local/bin:/usr/sbin:/usr/bin:/sbin:/bin:/usr/games
SHELL=/bin/bash

Signal Handlers:
SIGSEGV: [libjvm.so+0x5047e0], sa_mask[0]=0x7ffbfeff, sa_flags=0x10000004
SIGBUS: [libjvm.so+0x5047e0], sa_mask[0]=0x7ffbfeff, sa_flags=0x10000004
SIGFPE: [libjvm.so+0x3fc850], sa_mask[0]=0x7ffbfeff, sa_flags=0x10000004
SIGPIPE: [libjvm.so+0x3fc850], sa_mask[0]=0x7ffbfeff, sa_flags=0x10000004
SIGXFSZ: [libjvm.so+0x3fc850], sa_mask[0]=0x7ffbfeff, sa_flags=0x10000004
SIGILL: [libjvm.so+0x3fc850], sa_mask[0]=0x7ffbfeff, sa_flags=0x10000004
SIGUSR1: SIG_DFL, sa_mask[0]=0x00000000, sa_flags=0x00000000
SIGUSR2: [libjvm.so+0x3fdd40], sa_mask[0]=0x00000004, sa_flags=0x10000004
SIGHUP: SIG_DFL, sa_mask[0]=0x00000000, sa_flags=0x00000000
SIGINT: SIG_DFL, sa_mask[0]=0x00000000, sa_flags=0x00000000
SIGTERM: SIG_DFL, sa_mask[0]=0x00000000, sa_flags=0x00000000
SIGQUIT: SIG_DFL, sa_mask[0]=0x00000000, sa_flags=0x00000000


---------------  S Y S T E M  ---------------

OS:wheezy/sid

uname:Linux 3.5.0-48-generic #72~precise1-Ubuntu SMP Tue Mar 11 20:08:23 UTC 2014 i686
libc:glibc 2.15 NPTL 2.15 
rlimit: STACK 8192k, CORE 0k, NPROC 15937, NOFILE 4096, AS infinity
load average:1.63 1.74 1.60

/proc/meminfo:
MemTotal:        2055916 kB
MemFree:          115612 kB
Buffers:            3832 kB
Cached:            95680 kB
SwapCached:       295416 kB
Active:          1213944 kB
Inactive:         671640 kB
Active(anon):    1205516 kB
Inactive(anon):   650476 kB
Active(file):       8428 kB
Inactive(file):    21164 kB
Unevictable:           0 kB
Mlocked:               0 kB
HighTotal:       1174344 kB
HighFree:          14944 kB
LowTotal:         881572 kB
LowFree:          100668 kB
SwapTotal:       2085884 kB
SwapFree:        1104032 kB
Dirty:              3044 kB
Writeback:             0 kB
AnonPages:       1754296 kB
Mapped:            11492 kB
Shmem:             69868 kB
Slab:              24388 kB
SReclaimable:      11928 kB
SUnreclaim:        12460 kB
KernelStack:        2720 kB
PageTables:        10172 kB
NFS_Unstable:          0 kB
Bounce:                0 kB
WritebackTmp:          0 kB
CommitLimit:     3113840 kB
Committed_AS:    4883496 kB
VmallocTotal:     122880 kB
VmallocUsed:       11108 kB
VmallocChunk:     107604 kB
HardwareCorrupted:     0 kB
AnonHugePages:         0 kB
HugePages_Total:       0
HugePages_Free:        0
HugePages_Rsvd:        0
HugePages_Surp:        0
Hugepagesize:       2048 kB
DirectMap4k:       10232 kB
DirectMap2M:      903168 kB


CPU:total 1 (1 cores per cpu, 1 threads per core) family 6 model 22 stepping 1, cmov, cx8, fxsr, mmx, sse, sse2, sse3, ssse3, tsc

/proc/cpuinfo:
processor	: 0
vendor_id	: GenuineIntel
cpu family	: 6
model		: 22
model name	: Intel(R) Celeron(R) CPU          540  @ 1.86GHz
stepping	: 1
microcode	: 0x33
cpu MHz		: 1861.961
cache size	: 1024 KB
fdiv_bug	: no
hlt_bug		: no
f00f_bug	: no
coma_bug	: no
fpu		: yes
fpu_exception	: yes
cpuid level	: 10
wp		: yes
flags		: fpu vme de pse tsc msr pae mce cx8 apic sep mtrr pge mca cmov pat pse36 clflush dts acpi mmx fxsr sse sse2 ss tm pbe nx lm constant_tsc up arch_perfmon pebs bts aperfmperf pni dtes64 monitor ds_cpl tm2 ssse3 cx16 xtpr pdcm lahf_lm dtherm
bogomips	: 3723.92
clflush size	: 64
cache_alignment	: 64
address sizes	: 36 bits physical, 48 bits virtual
power management:



Memory: 4k page, physical 2055916k(115612k free), swap 2085884k(1104032k free)

vm_info: Java HotSpot(TM) Client VM (24.51-b03) for linux-x86 JRE (1.7.0_51-b13), built on Dec 18 2013 18:49:34 by "java_re" with gcc 4.3.0 20080428 (Red Hat 4.3.0-8)

time: Mon Apr 28 18:14:42 2014
elapsed time: 0 seconds

