#
# There is insufficient memory for the Java Runtime Environment to continue.
# Native memory allocation (malloc) failed to allocate 1431699456 bytes for committing reserved memory.
# Possible reasons:
#   The system is out of physical RAM or swap space
#   In 32 bit mode, the process size limit was hit
# Possible solutions:
#   Reduce memory load on the system
#   Increase physical memory or swap space
#   Check if swap backing store is full
#   Use 64 bit Java on a 64 bit OS
#   Decrease Java heap size (-Xmx/-Xms)
#   Decrease number of Java threads
#   Decrease Java thread stack sizes (-Xss)
#   Set larger code cache with -XX:ReservedCodeCacheSize=
# This output file may be truncated or incomplete.
#
#  Out of Memory Error (os_linux.cpp:2726), pid=11878, tid=3065989952
#
# JRE version:  (7.0_51-b13) (build )
# Java VM: Java HotSpot(TM) Client VM (24.51-b03 mixed mode linux-x86 )
# Failed to write core dump. Core dumps have been disabled. To enable core dumping, try "ulimit -c unlimited" before starting Java again
#

---------------  T H R E A D  ---------------

Current thread (0xb6a07000):  JavaThread "Unknown thread" [_thread_in_vm, id=11882, stack(0xb6ba4000,0xb6bf5000)]

Stack: [0xb6ba4000,0xb6bf5000],  sp=0xb6bf3aa0,  free space=318k
Native frames: (J=compiled Java code, j=interpreted, Vv=VM code, C=native code)
V  [libjvm.so+0x503cc6]  VMError::report_and_die()+0x1a6
V  [libjvm.so+0x1db222]  report_vm_out_of_memory(char const*, int, unsigned int, char const*)+0x72
V  [libjvm.so+0x3ff911]  os::Linux::commit_memory_impl(char*, unsigned int, bool)+0xe1
V  [libjvm.so+0x3ffd67]  os::Linux::commit_memory_impl(char*, unsigned int, unsigned int, bool)+0x47
V  [libjvm.so+0x3fff4d]  os::pd_commit_memory(char*, unsigned int, unsigned int, bool)+0x1d
V  [libjvm.so+0x3f997c]  os::commit_memory(char*, unsigned int, unsigned int, bool)+0x2c
V  [libjvm.so+0x4ff97c]  VirtualSpace::expand_by(unsigned int, bool)+0x20c
V  [libjvm.so+0x4ffaed]  VirtualSpace::initialize(ReservedSpace, unsigned int)+0xad
V  [libjvm.so+0x255fca]  CardGeneration::CardGeneration(ReservedSpace, unsigned int, int, GenRemSet*)+0x9a
V  [libjvm.so+0x4c5442]  TenuredGeneration::TenuredGeneration(ReservedSpace, unsigned int, int, GenRemSet*)+0x42
V  [libjvm.so+0x2570f6]  GenerationSpec::init(ReservedSpace, int, GenRemSet*)+0x2a6
V  [libjvm.so+0x24af41]  GenCollectedHeap::initialize()+0x291
V  [libjvm.so+0x4dc044]  Universe::initialize_heap()+0xa4
V  [libjvm.so+0x4dd675]  universe_init()+0x55
V  [libjvm.so+0x271065]  init_globals()+0x55
V  [libjvm.so+0x4d03b0]  Threads::create_vm(JavaVMInitArgs*, bool*)+0x200
V  [libjvm.so+0x2e2cac]  JNI_CreateJavaVM+0x5c
C  [libjli.so+0x2668]  JavaMain+0x98
C  [libpthread.so.0+0x6d4c]  start_thread+0xcc


---------------  P R O C E S S  ---------------

Java Threads: ( => current thread )

Other Threads:

=>0xb6a07000 (exited) JavaThread "Unknown thread" [_thread_in_vm, id=11882, stack(0xb6ba4000,0xb6bf5000)]

VM state:not at safepoint (not fully initialized)

VM Mutex/Monitor currently owned by a thread: None

GC Heap History (0 events):
No events

Deoptimization events (0 events):
No events

Internal exceptions (0 events):
No events

Events (0 events):
No events


Dynamic libraries:
08048000-08049000 r-xp 00000000 08:01 1324191    /usr/lib/jvm/java-7-oracle/jre/bin/java
08049000-0804a000 rw-p 00000000 08:01 1324191    /usr/lib/jvm/java-7-oracle/jre/bin/java
09077000-09098000 rw-p 00000000 00:00 0          [heap]
3055f000-306b5000 rw-p 00000000 00:00 0 
306b5000-3097f000 rw-p 00000000 00:00 0 
3097f000-5b420000 rw-p 00000000 00:00 0 
b0833000-b0980000 rw-p 00000000 00:00 0 
b0980000-b4980000 rw-p 00000000 00:00 0 
b4980000-b4981000 rw-p 00000000 00:00 0 
b4981000-b4a00000 rw-p 00000000 00:00 0 
b4a00000-b4a28000 rwxp 00000000 00:00 0 
b4a28000-b6a21000 rw-p 00000000 00:00 0 
b6a21000-b6b00000 ---p 00000000 00:00 0 
b6b11000-b6b28000 r-xp 00000000 08:01 1447126    /usr/lib/jvm/java-7-oracle/jre/lib/i386/libzip.so
b6b28000-b6b29000 rw-p 00017000 08:01 1447126    /usr/lib/jvm/java-7-oracle/jre/lib/i386/libzip.so
b6b29000-b6b34000 r-xp 00000000 08:01 529946     /lib/i386-linux-gnu/libnss_files-2.15.so
b6b34000-b6b35000 r--p 0000a000 08:01 529946     /lib/i386-linux-gnu/libnss_files-2.15.so
b6b35000-b6b36000 rw-p 0000b000 08:01 529946     /lib/i386-linux-gnu/libnss_files-2.15.so
b6b36000-b6b40000 r-xp 00000000 08:01 529945     /lib/i386-linux-gnu/libnss_nis-2.15.so
b6b40000-b6b41000 r--p 00009000 08:01 529945     /lib/i386-linux-gnu/libnss_nis-2.15.so
b6b41000-b6b42000 rw-p 0000a000 08:01 529945     /lib/i386-linux-gnu/libnss_nis-2.15.so
b6b42000-b6b58000 r-xp 00000000 08:01 529932     /lib/i386-linux-gnu/libnsl-2.15.so
b6b58000-b6b59000 r--p 00015000 08:01 529932     /lib/i386-linux-gnu/libnsl-2.15.so
b6b59000-b6b5a000 rw-p 00016000 08:01 529932     /lib/i386-linux-gnu/libnsl-2.15.so
b6b5a000-b6b5c000 rw-p 00000000 00:00 0 
b6b5c000-b6b63000 r-xp 00000000 08:01 529947     /lib/i386-linux-gnu/libnss_compat-2.15.so
b6b63000-b6b64000 r--p 00006000 08:01 529947     /lib/i386-linux-gnu/libnss_compat-2.15.so
b6b64000-b6b65000 rw-p 00007000 08:01 529947     /lib/i386-linux-gnu/libnss_compat-2.15.so
b6b6f000-b6b77000 rw-s 00000000 08:01 1187199    /tmp/hsperfdata_sigurre/11878
b6b77000-b6b9a000 r-xp 00000000 08:01 1447095    /usr/lib/jvm/java-7-oracle/jre/lib/i386/libjava.so
b6b9a000-b6b9b000 rw-p 00022000 08:01 1447095    /usr/lib/jvm/java-7-oracle/jre/lib/i386/libjava.so
b6b9b000-b6ba2000 r-xp 00000000 08:01 529940     /lib/i386-linux-gnu/librt-2.15.so
b6ba2000-b6ba3000 r--p 00006000 08:01 529940     /lib/i386-linux-gnu/librt-2.15.so
b6ba3000-b6ba4000 rw-p 00007000 08:01 529940     /lib/i386-linux-gnu/librt-2.15.so
b6ba4000-b6ba7000 ---p 00000000 00:00 0 
b6ba7000-b6bf5000 rw-p 00000000 00:00 0          [stack:11882]
b6bf5000-b6c1f000 r-xp 00000000 08:01 529944     /lib/i386-linux-gnu/libm-2.15.so
b6c1f000-b6c20000 r--p 00029000 08:01 529944     /lib/i386-linux-gnu/libm-2.15.so
b6c20000-b6c21000 rw-p 0002a000 08:01 529944     /lib/i386-linux-gnu/libm-2.15.so
b6c21000-b71a7000 r-xp 00000000 08:01 1447074    /usr/lib/jvm/java-7-oracle/jre/lib/i386/client/libjvm.so
b71a7000-b71c8000 rw-p 00586000 08:01 1447074    /usr/lib/jvm/java-7-oracle/jre/lib/i386/client/libjvm.so
b71c8000-b75e9000 rw-p 00000000 00:00 0 
b75e9000-b778d000 r-xp 00000000 08:01 529949     /lib/i386-linux-gnu/libc-2.15.so
b778d000-b778f000 r--p 001a4000 08:01 529949     /lib/i386-linux-gnu/libc-2.15.so
b778f000-b7790000 rw-p 001a6000 08:01 529949     /lib/i386-linux-gnu/libc-2.15.so
b7790000-b7793000 rw-p 00000000 00:00 0 
b7793000-b7796000 r-xp 00000000 08:01 529948     /lib/i386-linux-gnu/libdl-2.15.so
b7796000-b7797000 r--p 00002000 08:01 529948     /lib/i386-linux-gnu/libdl-2.15.so
b7797000-b7798000 rw-p 00003000 08:01 529948     /lib/i386-linux-gnu/libdl-2.15.so
b7798000-b7799000 rw-p 00000000 00:00 0 
b7799000-b77ac000 r-xp 00000000 08:01 1447094    /usr/lib/jvm/java-7-oracle/jre/lib/i386/jli/libjli.so
b77ac000-b77ad000 rw-p 00012000 08:01 1447094    /usr/lib/jvm/java-7-oracle/jre/lib/i386/jli/libjli.so
b77ad000-b77c4000 r-xp 00000000 08:01 529938     /lib/i386-linux-gnu/libpthread-2.15.so
b77c4000-b77c5000 r--p 00016000 08:01 529938     /lib/i386-linux-gnu/libpthread-2.15.so
b77c5000-b77c6000 rw-p 00017000 08:01 529938     /lib/i386-linux-gnu/libpthread-2.15.so
b77c6000-b77c8000 rw-p 00000000 00:00 0 
b77cc000-b77cd000 rw-p 00000000 00:00 0 
b77cd000-b77ce000 r--p 00000000 00:00 0 
b77ce000-b77d9000 r-xp 00000000 08:01 1447113    /usr/lib/jvm/java-7-oracle/jre/lib/i386/libverify.so
b77d9000-b77da000 rw-p 0000b000 08:01 1447113    /usr/lib/jvm/java-7-oracle/jre/lib/i386/libverify.so
b77da000-b77dc000 rw-p 00000000 00:00 0 
b77dc000-b77dd000 r-xp 00000000 00:00 0          [vdso]
b77dd000-b77fd000 r-xp 00000000 08:01 529939     /lib/i386-linux-gnu/ld-2.15.so
b77fd000-b77fe000 r--p 0001f000 08:01 529939     /lib/i386-linux-gnu/ld-2.15.so
b77fe000-b77ff000 rw-p 00020000 08:01 529939     /lib/i386-linux-gnu/ld-2.15.so
bfbfd000-bfc1e000 rw-p 00000000 00:00 0          [stack]

VM Arguments:
jvm_args: -Xms2048m -Xmx2048m 
java_command: server.jar nogui
Launcher Type: SUN_STANDARD

Environment Variables:
PATH=/usr/local/sbin:/usr/local/bin:/usr/sbin:/usr/bin:/sbin:/bin:/usr/games
SHELL=/bin/bash

Signal Handlers:
SIGSEGV: [libjvm.so+0x5047e0], sa_mask[0]=0x7ffbfeff, sa_flags=0x10000004
SIGBUS: [libjvm.so+0x5047e0], sa_mask[0]=0x7ffbfeff, sa_flags=0x10000004
SIGFPE: [libjvm.so+0x3fc850], sa_mask[0]=0x7ffbfeff, sa_flags=0x10000004
SIGPIPE: [libjvm.so+0x3fc850], sa_mask[0]=0x7ffbfeff, sa_flags=0x10000004
SIGXFSZ: [libjvm.so+0x3fc850], sa_mask[0]=0x7ffbfeff, sa_flags=0x10000004
SIGILL: [libjvm.so+0x3fc850], sa_mask[0]=0x7ffbfeff, sa_flags=0x10000004
SIGUSR1: SIG_DFL, sa_mask[0]=0x00000000, sa_flags=0x00000000
SIGUSR2: [libjvm.so+0x3fdd40], sa_mask[0]=0x00000004, sa_flags=0x10000004
SIGHUP: SIG_DFL, sa_mask[0]=0x00000000, sa_flags=0x00000000
SIGINT: SIG_DFL, sa_mask[0]=0x00000000, sa_flags=0x00000000
SIGTERM: SIG_DFL, sa_mask[0]=0x00000000, sa_flags=0x00000000
SIGQUIT: SIG_DFL, sa_mask[0]=0x00000000, sa_flags=0x00000000


---------------  S Y S T E M  ---------------

OS:wheezy/sid

uname:Linux 3.5.0-48-generic #72~precise1-Ubuntu SMP Tue Mar 11 20:08:23 UTC 2014 i686
libc:glibc 2.15 NPTL 2.15 
rlimit: STACK 8192k, CORE 0k, NPROC 15937, NOFILE 4096, AS infinity
load average:2.12 1.22 0.67

/proc/meminfo:
MemTotal:        2055916 kB
MemFree:          116524 kB
Buffers:            4152 kB
Cached:            91868 kB
SwapCached:       330272 kB
Active:          1215616 kB
Inactive:         669656 kB
Active(anon):    1206340 kB
Inactive(anon):   651340 kB
Active(file):       9276 kB
Inactive(file):    18316 kB
Unevictable:           0 kB
Mlocked:               0 kB
HighTotal:       1174344 kB
HighFree:          14944 kB
LowTotal:         881572 kB
LowFree:          101580 kB
SwapTotal:       2085884 kB
SwapFree:        1054732 kB
Dirty:              3024 kB
Writeback:             0 kB
AnonPages:       1756712 kB
Mapped:            11960 kB
Shmem:             68388 kB
Slab:              24268 kB
SReclaimable:      11468 kB
SUnreclaim:        12800 kB
KernelStack:        2728 kB
PageTables:        10192 kB
NFS_Unstable:          0 kB
Bounce:                0 kB
WritebackTmp:          0 kB
CommitLimit:     3113840 kB
Committed_AS:    4877496 kB
VmallocTotal:     122880 kB
VmallocUsed:       11108 kB
VmallocChunk:     107604 kB
HardwareCorrupted:     0 kB
AnonHugePages:         0 kB
HugePages_Total:       0
HugePages_Free:        0
HugePages_Rsvd:        0
HugePages_Surp:        0
Hugepagesize:       2048 kB
DirectMap4k:       10232 kB
DirectMap2M:      903168 kB


CPU:total 1 (1 cores per cpu, 1 threads per core) family 6 model 22 stepping 1, cmov, cx8, fxsr, mmx, sse, sse2, sse3, ssse3, tsc

/proc/cpuinfo:
processor	: 0
vendor_id	: GenuineIntel
cpu family	: 6
model		: 22
model name	: Intel(R) Celeron(R) CPU          540  @ 1.86GHz
stepping	: 1
microcode	: 0x33
cpu MHz		: 1861.961
cache size	: 1024 KB
fdiv_bug	: no
hlt_bug		: no
f00f_bug	: no
coma_bug	: no
fpu		: yes
fpu_exception	: yes
cpuid level	: 10
wp		: yes
flags		: fpu vme de pse tsc msr pae mce cx8 apic sep mtrr pge mca cmov pat pse36 clflush dts acpi mmx fxsr sse sse2 ss tm pbe nx lm constant_tsc up arch_perfmon pebs bts aperfmperf pni dtes64 monitor ds_cpl tm2 ssse3 cx16 xtpr pdcm lahf_lm dtherm
bogomips	: 3723.92
clflush size	: 64
cache_alignment	: 64
address sizes	: 36 bits physical, 48 bits virtual
power management:



Memory: 4k page, physical 2055916k(116524k free), swap 2085884k(1054732k free)

vm_info: Java HotSpot(TM) Client VM (24.51-b03) for linux-x86 JRE (1.7.0_51-b13), built on Dec 18 2013 18:49:34 by "java_re" with gcc 4.3.0 20080428 (Red Hat 4.3.0-8)

time: Fri Apr 25 10:28:44 2014
elapsed time: 0 seconds

